-------------------------------------------------------------------------------
Test set: com.agency.paypal.PaypalApplicationTests
-------------------------------------------------------------------------------
Tests run: 1, Failures: 0, Errors: 1, Skipped: 0, Time elapsed: 4.997 s <<< FAILURE! - in com.agency.paypal.PaypalApplicationTests
contextLoads  Time elapsed: 0.003 s  <<< ERROR!
java.lang.IllegalStateException: Failed to load ApplicationContext for [WebMergedContextConfiguration@949c598 testClass = com.agency.paypal.PaypalApplicationTests, locations = [], classes = [com.agency.paypal.PaypalApplication], contextInitializerClasses = [], activeProfiles = [], propertySourceLocations = [], propertySourceProperties = ["org.springframework.boot.test.context.SpringBootTestContextBootstrapper=true"], contextCustomizers = [org.springframework.boot.test.context.filter.ExcludeFilterContextCustomizer@121314f7, org.springframework.boot.test.json.DuplicateJsonObjectContextCustomizerFactory$DuplicateJsonObjectContextCustomizer@2e3967ea, org.springframework.boot.test.mock.mockito.MockitoContextCustomizer@0, org.springframework.boot.test.web.client.TestRestTemplateContextCustomizer@6340e5f0, org.springframework.boot.test.autoconfigure.actuate.observability.ObservabilityContextCustomizerFactory$DisableObservabilityContextCustomizer@9da1, org.springframework.boot.test.autoconfigure.properties.PropertyMappingContextCustomizer@0, org.springframework.boot.test.autoconfigure.web.servlet.WebDriverContextCustomizerFactory$Customizer@5b1669c0, org.springframework.boot.test.context.SpringBootTestAnnotation@bf8a1fe5], resourceBasePath = "src/main/webapp", contextLoader = org.springframework.boot.test.context.SpringBootContextLoader, parent = null]
Caused by: org.springframework.beans.factory.BeanCreationException: Error creating bean with name 'entityManagerFactory' defined in class path resource [org/springframework/boot/autoconfigure/orm/jpa/HibernateJpaConfiguration.class]: Class org.springframework.orm.jpa.vendor.SpringHibernateJpaPersistenceProvider does not implement the requested interface jakarta.persistence.spi.PersistenceProvider
Caused by: java.lang.IncompatibleClassChangeError: Class org.springframework.orm.jpa.vendor.SpringHibernateJpaPersistenceProvider does not implement the requested interface jakarta.persistence.spi.PersistenceProvider

